8 7 6 
5 4 3 
2 1 0 

8 7 6 
5 4 3 
2 0 1 

8 7 6 
5 4 3 
0 2 1 

8 7 6 
0 4 3 
5 2 1 

0 7 6 
8 4 3 
5 2 1 

7 0 6 
8 4 3 
5 2 1 

7 4 6 
8 0 3 
5 2 1 

7 4 6 
0 8 3 
5 2 1 

7 4 6 
5 8 3 
0 2 1 

7 4 6 
5 8 3 
2 0 1 

7 4 6 
5 0 3 
2 8 1 

7 4 6 
5 3 0 
2 8 1 

7 4 6 
5 3 1 
2 8 0 

7 4 6 
5 3 1 
2 0 8 

7 4 6 
5 3 1 
0 2 8 

7 4 6 
0 3 1 
5 2 8 

0 4 6 
7 3 1 
5 2 8 

4 0 6 
7 3 1 
5 2 8 

4 3 6 
7 0 1 
5 2 8 

4 3 6 
7 1 0 
5 2 8 

4 3 0 
7 1 6 
5 2 8 

4 0 3 
7 1 6 
5 2 8 

4 1 3 
7 0 6 
5 2 8 

4 1 3 
7 2 6 
5 0 8 

4 1 3 
7 2 6 
0 5 8 

4 1 3 
0 2 6 
7 5 8 

0 1 3 
4 2 6 
7 5 8 

1 0 3 
4 2 6 
7 5 8 

1 2 3 
4 0 6 
7 5 8 

1 2 3 
4 5 6 
7 0 8 

1 2 3 
4 5 6 
7 8 0 

Numero de estados abiertos: 33471
Tiempo: 168ms
